2021-09-28 23:57:20 [INFO ] [Browser] - [startBrowser] Selected Browser is: chrome
2021-09-28 23:57:33 [INFO ] [Browser] - [takeScreenshot] Exception has Occured while taking screenshot
2021-09-28 23:57:33 [INFO ] [Base] - [closeBrowser] Scenario Completed: Verify whether the user is able to register into the application by providing all the fields
2021-09-28 23:57:33 [INFO ] [Base] - [closeBrowser] Scenario Status is: failed
2021-09-29 15:10:28 [INFO ] [Browser] - [startBrowser] Selected Browser is: chrome
2021-09-29 15:10:39 [INFO ] [Browser] - [takeScreenshot] Exception has Occured while taking screenshot
2021-09-29 15:10:39 [INFO ] [Base] - [closeBrowser] Scenario Completed: Verify whether the user is able to register into the application by providing all the fields
2021-09-29 15:10:39 [INFO ] [Base] - [closeBrowser] Scenario Status is: failed
2021-09-29 16:33:04 [INFO ] [Hooks] - [setUp] Scenario Started: Verify whether the user is able to register into the application by providing all the fields
2021-09-29 16:33:05 [INFO ] [Browser] - [startBrowser] Selected Browser is: chrome
2021-09-29 16:33:13 [INFO ] [Browser] - [takeScreenshot] Exception has Occured while taking screenshot
2021-09-29 16:33:13 [INFO ] [Hooks] - [closeBrowser] Scenario Completed: Verify whether the user is able to register into the application by providing all the fields
2021-09-29 16:33:13 [INFO ] [Hooks] - [closeBrowser] Scenario Status is: failed
2021-09-29 16:52:01 [INFO ] [Hooks] - [setUp] Scenario Started: Verify whether the user is able to register into the application by providing all the fields
2021-09-29 16:52:02 [INFO ] [Browser] - [startBrowser] Selected Browser is: chrome
2021-09-29 16:52:11 [INFO ] [Browser] - [takeScreenshot] Exception has Occured while taking screenshot
2021-09-29 16:52:11 [INFO ] [Hooks] - [closeBrowser] Scenario Completed: Verify whether the user is able to register into the application by providing all the fields
2021-09-29 16:52:11 [INFO ] [Hooks] - [closeBrowser] Scenario Status is: failed
2021-09-29 16:57:49 [INFO ] [Hooks] - [setUp] Scenario Started: Verify whether the user is able to register into the application by providing all the fields
2021-09-29 16:57:49 [INFO ] [Browser] - [startBrowser] Selected Browser is: chrome
2021-09-29 16:57:58 [INFO ] [Browser] - [startBrowser] Chrome Browser is Started426868901
2021-09-29 16:58:01 [INFO ] [Hooks] - [closeBrowser] Scenario Completed: Verify whether the user is able to register into the application by providing all the fields
2021-09-29 16:58:01 [INFO ] [Hooks] - [closeBrowser] Scenario Status is: passed
